<?xml version="1.0" encoding="UTF-8"?>
<!-- Generated by org.testng.reporters.JUnitXMLReporter -->
<testsuite hostname="ANKUR-JH9R5PSD" ignored="3" name="CheckoutPageTest" tests="1" failures="0" timestamp="2022-04-03T08:36:49 IST" time="118.716" errors="0">
  <testcase name="CheckoutPageTitleTest" time="9.668" classname="TestLayer.CheckoutPageTest"/>
  <testcase name="ThinkingPageTitleTest" time="0.0" classname="TestLayer.ThinkingPageTest">
    <ignored/>
  </testcase> <!-- ThinkingPageTitleTest -->
  <testcase name="HomepageTitleTest" time="0.0" classname="TestLayer.ShopTest">
    <ignored/>
  </testcase> <!-- HomepageTitleTest -->
  <testcase name="MainTitleTest" time="0.0" classname="TestLayer.MainPgeTest">
    <ignored/>
  </testcase> <!-- MainTitleTest -->
</testsuite> <!-- CheckoutPageTest -->
